<?xml version="1.0" encoding="UTF-8"?>
<!-- Generated by org.testng.reporters.JUnitXMLReporter -->
<testsuite ignored="6" hostname="YDRAHULAL" failures="0" tests="3" name="regression test - ui" time="8.766" errors="0" timestamp="2022-12-09T18:12:30 EET">
  <testcase classname="com.automation.gtfcourse.framework.seleniumeasy.automation.ManagerSeleniumEasy" name="@BeforeMethod prepareTests" time="0.857">
    <failure type="java.lang.NullPointerException" message="null value in entry: url=null">
      <![CDATA[java.lang.NullPointerException: null value in entry: url=null
at com.google.common.collect.CollectPreconditions.checkEntryNotNull(CollectPreconditions.java:33)
at com.google.common.collect.SingletonImmutableBiMap.<init>(SingletonImmutableBiMap.java:43)
at com.google.common.collect.ImmutableBiMap.of(ImmutableBiMap.java:81)
at com.google.common.collect.ImmutableMap.of(ImmutableMap.java:128)
at org.openqa.selenium.remote.DriverCommand.GET(DriverCommand.java:191)
at org.openqa.selenium.remote.RemoteWebDriver.get(RemoteWebDriver.java:310)
at com.automation.gtfcourse.framework.seleniumeasy.automation.ManagerSeleniumEasy.prepareTests(ManagerSeleniumEasy.java:67)
at java.base/java.util.ArrayList.forEach(ArrayList.java:1541)
... Removed 35 stack frames]]>
    </failure>
  </testcase> <!-- @BeforeMethod prepareTests -->
  <testcase classname="com.automation.gtfcourse.framework.seleniumeasy.automation.ManagerSeleniumEasy" name="@AfterMethod terminateDriver" time="-1.67060234944E9">
    <skipped/>
  </testcase> <!-- @AfterMethod terminateDriver -->
  <testcase classname="com.automation.gtfcourse.framework.seleniumeasy.automation.ManagerSeleniumEasy" name="@BeforeMethod prepareTests" time="0.868">
    <failure type="java.lang.NullPointerException" message="null value in entry: url=null">
      <![CDATA[java.lang.NullPointerException: null value in entry: url=null
at com.google.common.collect.CollectPreconditions.checkEntryNotNull(CollectPreconditions.java:33)
at com.google.common.collect.SingletonImmutableBiMap.<init>(SingletonImmutableBiMap.java:43)
at com.google.common.collect.ImmutableBiMap.of(ImmutableBiMap.java:81)
at com.google.common.collect.ImmutableMap.of(ImmutableMap.java:128)
at org.openqa.selenium.remote.DriverCommand.GET(DriverCommand.java:191)
at org.openqa.selenium.remote.RemoteWebDriver.get(RemoteWebDriver.java:310)
at com.automation.gtfcourse.framework.seleniumeasy.automation.ManagerSeleniumEasy.prepareTests(ManagerSeleniumEasy.java:67)
at java.base/java.util.ArrayList.forEach(ArrayList.java:1541)
... Removed 35 stack frames]]>
    </failure>
  </testcase> <!-- @BeforeMethod prepareTests -->
  <testcase classname="com.automation.gtfcourse.framework.seleniumeasy.automation.ManagerSeleniumEasy" name="@AfterMethod terminateDriver" time="-1.67060235031E9">
    <skipped/>
  </testcase> <!-- @AfterMethod terminateDriver -->
  <testcase classname="com.automatiom.gtfcourse.framework.seleniumeasy.tests.homepage.Story01TestBasicExampleButtons" name="tc02_checkBoxDemoButtonToCorrectURL" time="1.162"/>
  <testcase classname="com.automatiom.gtfcourse.framework.seleniumeasy.tests.homepage.Story03TestAdvancedExampleButtons" name="tc01_chartsDemoButtonToCorrectURL" time="0.0">
    <skipped/>
  </testcase> <!-- tc01_chartsDemoButtonToCorrectURL -->
  <testcase classname="com.automatiom.gtfcourse.framework.seleniumeasy.tests.inputformsubmitpage.Story04TestInputFormSubmitPage" name="tc01_testInputFormSubmitPageWithSoftAsserts" time="0.0">
    <skipped/>
  </testcase> <!-- tc01_testInputFormSubmitPageWithSoftAsserts -->
  <testcase classname="com.automation.gtfcourse.framework.seleniumeasy.automation.ManagerSeleniumEasy" name="testDriver" time="0.0">
    <ignored/>
  </testcase> <!-- testDriver -->
  <testcase classname="com.automation.gtfcourse.framework.seleniumeasy.automation.ManagerSeleniumEasy" name="testDriver" time="0.0">
    <ignored/>
  </testcase> <!-- testDriver -->
  <testcase classname="com.automation.gtfcourse.framework.seleniumeasy.automation.ManagerSeleniumEasy" name="testDriver" time="0.0">
    <ignored/>
  </testcase> <!-- testDriver -->
  <testcase classname="com.automatiom.gtfcourse.framework.seleniumeasy.tests.homepage.Story01TestBasicExampleButtons" name="tc01_simpleFormDemoButtonToCorrectURL" time="0.0">
    <ignored/>
  </testcase> <!-- tc01_simpleFormDemoButtonToCorrectURL -->
  <testcase classname="com.automation.gtfcourse.framework.seleniumeasy.automation.ManagerSeleniumEasy" name="@BeforeSuite loadInGlobalVariables" time="0.0">
    <ignored/>
  </testcase> <!-- @BeforeSuite loadInGlobalVariables -->
  <testcase classname="com.automation.gtfcourse.framework.seleniumeasy.automation.ManagerSeleniumEasy" name="@BeforeSuite loadInGlobalVariables" time="0.0">
    <ignored/>
  </testcase> <!-- @BeforeSuite loadInGlobalVariables -->
</testsuite> <!-- regression test - ui -->
